{"total": {"lines":{"total":59,"covered":24,"skipped":0,"pct":40.67},"statements":{"total":63,"covered":25,"skipped":0,"pct":39.68},"functions":{"total":21,"covered":8,"skipped":0,"pct":38.09},"branches":{"total":76,"covered":40,"skipped":0,"pct":52.63},"branchesTrue":{"total":0,"covered":0,"skipped":0,"pct":100}}
,"/Users/jeffmayeur/dev/JeffMayeurWeb/src/App.tsx": {"lines":{"total":19,"covered":0,"skipped":0,"pct":0},"functions":{"total":7,"covered":0,"skipped":0,"pct":0},"statements":{"total":21,"covered":0,"skipped":0,"pct":0},"branches":{"total":32,"covered":0,"skipped":0,"pct":0}}
,"/Users/jeffmayeur/dev/JeffMayeurWeb/src/main.tsx": {"lines":{"total":1,"covered":0,"skipped":0,"pct":0},"functions":{"total":0,"covered":0,"skipped":0,"pct":100},"statements":{"total":1,"covered":0,"skipped":0,"pct":0},"branches":{"total":0,"covered":0,"skipped":0,"pct":100}}
,"/Users/jeffmayeur/dev/JeffMayeurWeb/src/pageContent.ts": {"lines":{"total":1,"covered":1,"skipped":0,"pct":100},"functions":{"total":0,"covered":0,"skipped":0,"pct":100},"statements":{"total":1,"covered":1,"skipped":0,"pct":100},"branches":{"total":0,"covered":0,"skipped":0,"pct":100}}
,"/Users/jeffmayeur/dev/JeffMayeurWeb/src/router.tsx": {"lines":{"total":15,"covered":0,"skipped":0,"pct":0},"functions":{"total":6,"covered":0,"skipped":0,"pct":0},"statements":{"total":15,"covered":0,"skipped":0,"pct":0},"branches":{"total":0,"covered":0,"skipped":0,"pct":100}}
,"/Users/jeffmayeur/dev/JeffMayeurWeb/src/pages/DeepDivePage.tsx": {"lines":{"total":23,"covered":23,"skipped":0,"pct":100},"functions":{"total":8,"covered":8,"skipped":0,"pct":100},"statements":{"total":25,"covered":24,"skipped":0,"pct":96},"branches":{"total":44,"covered":40,"skipped":0,"pct":90.9}}
}
